0 info it worked if it ends with ok
1 verbose cli [ 'C:\\Program Files\\nodejs\\node.exe',
1 verbose cli   'C:\\Program Files\\nodejs\\node_modules\\npm\\bin\\npm-cli.js',
1 verbose cli   'run',
1 verbose cli   'dev' ]
2 info using npm@4.1.2
3 info using node@v7.6.0
4 verbose run-script [ 'predev', 'dev', 'postdev' ]
5 info lifecycle noteapp@1.0.0~predev: noteapp@1.0.0
6 silly lifecycle noteapp@1.0.0~predev: no script for predev, continuing
7 info lifecycle noteapp@1.0.0~dev: noteapp@1.0.0
8 verbose lifecycle noteapp@1.0.0~dev: unsafe-perm in lifecycle true
9 verbose lifecycle noteapp@1.0.0~dev: PATH: C:\Program Files\nodejs\node_modules\npm\bin\node-gyp-bin;C:\Users\PC-Programacion\Desktop\noteapp\node_modules\.bin;C:\Program Files\Git\mingw64\bin;C:\Program Files\Git\usr\bin;C:\Users\PC-Programacion\bin;C:\Python27;C:\Python27\Scripts;C:\Windows\system32;C:\Windows;C:\Windows\System32\Wbem;C:\Windows\System32\WindowsPowerShell\v1.0;C:\Program Files\Microsoft SQL Server\Client SDK\ODBC\130\Tools\Binn;C:\Program Files (x86)\Microsoft SQL Server\140\Tools\Binn;C:\Program Files\Microsoft SQL Server\140\Tools\Binn;C:\Program Files\Microsoft SQL Server\140\DTS\Binn;C:\Program Files\dotnet;C:\Program Files\Microsoft SQL Server\130\Tools\Binn;C:\Program Files (x86)\Microsoft SQL Server\Client SDK\ODBC\130\Tools\Binn;C:\Program Files (x86)\Microsoft SQL Server\140\DTS\Binn;C:\Program Files (x86)\Microsoft SQL Server\140\Tools\Binn\ManagementStudio;C:\Program Files\Git\cmd;C:\Program Files\nodejs;C:\Users\PC-Programacion\AppData\Local\Programs\Microsoft VS Code\bin;C:\Users\PC-Programacion\AppData\Local\GitHubDesktop\bin;C:\Python27;C:\Users\PC-Programacion\AppData\Roaming\npm
10 verbose lifecycle noteapp@1.0.0~dev: CWD: C:\Users\PC-Programacion\Desktop\noteapp
11 silly lifecycle noteapp@1.0.0~dev: Args: [ '/d /s /c', 'nodemon src/index.js' ]
12 silly lifecycle noteapp@1.0.0~dev: Returned: code: 3221225786  signal: null
13 info lifecycle noteapp@1.0.0~dev: Failed to exec dev script
14 verbose stack Error: noteapp@1.0.0 dev: `nodemon src/index.js`
14 verbose stack Exit status 3221225786
14 verbose stack     at EventEmitter.<anonymous> (C:\Program Files\nodejs\node_modules\npm\lib\utils\lifecycle.js:279:16)
14 verbose stack     at emitTwo (events.js:106:13)
14 verbose stack     at EventEmitter.emit (events.js:192:7)
14 verbose stack     at ChildProcess.<anonymous> (C:\Program Files\nodejs\node_modules\npm\lib\utils\spawn.js:40:14)
14 verbose stack     at emitTwo (events.js:106:13)
14 verbose stack     at ChildProcess.emit (events.js:192:7)
14 verbose stack     at maybeClose (internal/child_process.js:890:16)
14 verbose stack     at Process.ChildProcess._handle.onexit (internal/child_process.js:226:5)
15 verbose pkgid noteapp@1.0.0
16 verbose cwd C:\Users\PC-Programacion\Desktop\noteapp\src
17 error Windows_NT 10.0.10586
18 error argv "C:\\Program Files\\nodejs\\node.exe" "C:\\Program Files\\nodejs\\node_modules\\npm\\bin\\npm-cli.js" "run" "dev"
19 error node v7.6.0
20 error npm  v4.1.2
21 error code ELIFECYCLE
22 error noteapp@1.0.0 dev: `nodemon src/index.js`
22 error Exit status 3221225786
23 error Failed at the noteapp@1.0.0 dev script 'nodemon src/index.js'.
23 error Make sure you have the latest version of node.js and npm installed.
23 error If you do, this is most likely a problem with the noteapp package,
23 error not with npm itself.
23 error Tell the author that this fails on your system:
23 error     nodemon src/index.js
23 error You can get information on how to open an issue for this project with:
23 error     npm bugs noteapp
23 error Or if that isn't available, you can get their info via:
23 error     npm owner ls noteapp
23 error There is likely additional logging output above.
24 verbose exit [ 1, true ]
